<?xml version="1.0" encoding="UTF-8"?>
<!-- Generated by org.testng.reporters.JUnitReportReporter -->
<testsuite hostname="LAPTOP-3GUBDE55" failures="0" tests="1" name="day5.ParsingXMLResponse" time="2.820" errors="0" timestamp="2023-11-02T16:05:40 IST" skipped="0">
  <testcase classname="day5.ParsingXMLResponse" name="testXMLResponse2" time="2.820"/>
  <system-out/>
</testsuite> <!-- day5.ParsingXMLResponse -->
