<?xml version="1.0" encoding="UTF-8"?>
<!-- Generated by org.testng.reporters.JUnitReportReporter -->
<testsuite hostname="LAPTOP-3GUBDE55" failures="0" tests="2" name="day2.WaysToCreatePostRequestBody" time="6.727" errors="0" timestamp="2023-11-07T01:39:08 IST" skipped="0">
  <testcase classname="day2.WaysToCreatePostRequestBody" name="testPostUsingPojo" time="6.000"/>
  <system-out/>
  <testcase classname="day2.WaysToCreatePostRequestBody" name="testDeletePojo" time="0.727"/>
  <system-out/>
</testsuite> <!-- day2.WaysToCreatePostRequestBody -->
