<?xml version="1.0" encoding="UTF-8"?>
<!-- Generated by org.testng.reporters.JUnitReportReporter -->
<testsuite hostname="LAPTOP-3GUBDE55" failures="0" tests="4" name="day1.HTTPrequest" time="7.749" errors="0" timestamp="2023-10-26T13:22:50 IST" skipped="0">
  <testcase classname="day1.HTTPrequest" name="deleteUser" time="4.031"/>
  <system-out/>
  <testcase classname="day1.HTTPrequest" name="getUsers" time="1.191"/>
  <system-out/>
  <testcase classname="day1.HTTPrequest" name="createUser" time="1.550"/>
  <system-out/>
  <testcase classname="day1.HTTPrequest" name="updateUser" time="0.977"/>
  <system-out/>
</testsuite> <!-- day1.HTTPrequest -->
