<?xml version="1.0" encoding="UTF-8"?>
<!-- Generated by org.testng.reporters.JUnitReportReporter -->
<testsuite hostname="LAPTOP-3GUBDE55" failures="0" tests="1" name="day3.LoggingDemo" time="2.687" errors="0" timestamp="2023-10-26T19:16:17 IST" skipped="0">
  <testcase classname="day3.LoggingDemo" name="testlogging" time="2.687"/>
  <system-out/>
</testsuite> <!-- day3.LoggingDemo -->
