<?xml version="1.0" encoding="UTF-8"?>
<!-- Generated by org.testng.reporters.JUnitReportReporter -->
<testsuite hostname="LAPTOP-3GUBDE55" failures="0" tests="2" name="day3.HeaderDemo" time="4.224" errors="0" timestamp="2023-10-26T18:26:05 IST" skipped="0">
  <testcase classname="day3.HeaderDemo" name="getHeaders" time="3.177"/>
  <system-out/>
  <testcase classname="day3.HeaderDemo" name="testHeader" time="1.047"/>
  <system-out/>
</testsuite> <!-- day3.HeaderDemo -->
