<?xml version="1.0" encoding="UTF-8"?>
<!-- Generated by org.testng.reporters.JUnitReportReporter -->
<testsuite hostname="LAPTOP-3GUBDE55" failures="0" tests="1" name="day4.ParsingJsonResponse" time="1.872" errors="0" timestamp="2023-10-26T23:00:10 IST" skipped="0">
  <testcase classname="day4.ParsingJsonResponse" name="testJsonResponse3" time="1.872"/>
  <system-out/>
</testsuite> <!-- day4.ParsingJsonResponse -->
