<?xml version="1.0" encoding="UTF-8"?>
<!-- Generated by org.testng.reporters.JUnitReportReporter -->
<testsuite hostname="LAPTOP-3GUBDE55" failures="0" tests="1" name="day3.PathAndQueryParams" time="4.387" errors="0" timestamp="2023-10-26T17:23:17 IST" skipped="0">
  <testcase classname="day3.PathAndQueryParams" name="testQueryAndPathParameter" time="4.387"/>
  <system-out/>
</testsuite> <!-- day3.PathAndQueryParams -->
