<?xml version="1.0" encoding="UTF-8"?>
<!-- Generated by org.testng.reporters.JUnitReportReporter -->
<testsuite hostname="LAPTOP-3GUBDE55" failures="0" tests="1" name="day7.Authentication" time="1.435" errors="0" timestamp="2023-12-19T23:31:54 IST" skipped="0">
  <testcase classname="day7.Authentication" name="test_OAuth1" time="1.435"/>
  <system-out/>
</testsuite> <!-- day7.Authentication -->
